<?xml version="1.0" encoding="UTF-8"?>
<!-- Generated by org.testng.reporters.JUnitReportReporter -->
<testsuite hostname="LAPTOP-2OS39L3B" name="week3day1.ChangeRequestWithBodyAsFile" tests="2" failures="0" timestamp="24 Dec 2021 05:25:46 GMT" time="8.063" errors="0">
  <testcase name="changeRequestWithBody" time="3.122" classname="week3day1.ChangeRequestWithBodyAsFile"/>
  <testcase name="changeRequestWithBody" time="4.941" classname="week3day1.ChangeRequestWithBodyAsFile"/>
</testsuite> <!-- week3day1.ChangeRequestWithBodyAsFile -->
