<?xml version="1.0" encoding="UTF-8"?>
<!-- Generated by org.testng.reporters.JUnitReportReporter -->
<testsuite hostname="LAPTOP-2OS39L3B" name="week5day1_WireMock.LearnTemplate" tests="1" failures="0" timestamp="5 Jan 2022 18:40:36 GMT" time="1.310" errors="0">
  <testcase name="CreateIncidentWithoutBody" time="1.310" classname="week5day1_WireMock.LearnTemplate"/>
</testsuite> <!-- week5day1_WireMock.LearnTemplate -->
