<?xml version="1.0" encoding="UTF-8"?>
<!-- Generated by org.testng.reporters.JUnitReportReporter -->
<testsuite hostname="LAPTOP-2OS39L3B" name="week2day2.ChangeRequestWithReqBody" tests="1" failures="0" timestamp="22 Dec 2021 14:27:39 GMT" time="4.763" errors="0">
  <testcase name="ChangeRequestWithReqBody" time="4.763" classname="week2day2.ChangeRequestWithReqBody"/>
</testsuite> <!-- week2day2.ChangeRequestWithReqBody -->
