<?xml version="1.0" encoding="UTF-8"?>
<!-- Generated by org.testng.reporters.JUnitReportReporter -->
<testsuite hostname="LAPTOP-2OS39L3B" name="week2day2_Assignment.CreateIssueInJira" tests="1" failures="0" timestamp="22 Dec 2021 15:15:27 GMT" time="2.342" errors="0">
  <testcase name="CreateJirsIssue" time="2.342" classname="week2day2_Assignment.CreateIssueInJira"/>
</testsuite> <!-- week2day2_Assignment.CreateIssueInJira -->
