<?xml version="1.0" encoding="UTF-8"?>
<!-- Generated by org.testng.reporters.JUnitReportReporter -->
<testsuite hostname="LAPTOP-2OS39L3B" name="week2day2_Assignment.GetAllJiraIssue" tests="1" failures="0" timestamp="29 Dec 2021 12:24:40 GMT" time="2.239" errors="0">
  <testcase name="GetAllJiraIssue" time="2.239" classname="week2day2_Assignment.GetAllJiraIssue"/>
</testsuite> <!-- week2day2_Assignment.GetAllJiraIssue -->
