<?xml version="1.0" encoding="UTF-8"?>
<!-- Generated by org.testng.reporters.JUnitReportReporter -->
<testsuite hostname="LAPTOP-2OS39L3B" name="week3day1.GetIncidentWithMultipleFilterAssert" tests="1" failures="1" timestamp="24 Dec 2021 12:43:20 GMT" time="5.074" errors="0">
  <testcase name="GetIncidentWithMultipleFilter" time="5.074" classname="week3day1.GetIncidentWithMultipleFilterAssert">
    <failure type="java.lang.AssertionError" message="1 expectation failed.
JSON path result.number doesn&#039;t match.
Expected: a collection containing &quot;NC0009002&quot;
  Actual: &lt;[INC0000060, INC0009002, INC0000009, INC0000010, INC0000011, INC0000013, INC0000014, INC0000021, INC0000024, INC0000026, INC0000028, INC0000030, INC0000032, INC0000033, INC0000034, INC0000035, INC0000036, INC0000038, INC0000008, INC0000001, INC0000004, INC0000601, INC0009003, INC0009004, INC0000005, INC0010049, INC0010009, INC0010032, INC0010020, INC0010018, INC0010055, INC0010013, INC0008001, INC0010037, INC0010034, INC0010027, INC0010030, INC0010014, INC0010042, INC0010066, INC0010021, INC0010029, INC0000016, INC0000017, INC0000018, INC0000020, INC0000025, INC0000029, INC0000031, INC0000037, INC0000039, INC0000040, INC0000041, INC0000044, INC0010002, INC0010011, INC0010007, INC0008112, INC0009009, INC0010050, INC0010036, INC0010023, INC0010022, INC0010039, INC0010056, INC0010052, INC0010004, INC0010047, INC0000057, INC0010067, INC0010058, INC0010001, INC0010059, INC0010065, INC0000059, INC0010044, INC0010024, INC0010054, INC0000007, INC0010045, INC0000058, INC0010026, INC0000002, INC0010015, INC0001990, INC0010008, INC0009001, INC0010068, INC0008111, INC0010005, INC0000047, INC0000046, INC0000048, INC0010010, INC0010028, INC0010035, INC0010041, INC0010012, INC0010033, INC0010053, INC0010038, INC0010025, INC0010031, INC0010040, INC0000051, INC0010051, INC0000052, INC0000053, INC0000054, INC0000055, INC0010003, INC0010019, INC0000003, INC0010046, INC0009005, INC0000049, INC0000050, INC0010016, INC0007001, INC0010017, INC0010057, INC0010043, INC0010048, INC0010006, INC0007002]&gt;
">
      <![CDATA[java.lang.AssertionError: 1 expectation failed.
JSON path result.number doesn't match.
Expected: a collection containing "NC0009002"
  Actual: <[INC0000060, INC0009002, INC0000009, INC0000010, INC0000011, INC0000013, INC0000014, INC0000021, INC0000024, INC0000026, INC0000028, INC0000030, INC0000032, INC0000033, INC0000034, INC0000035, INC0000036, INC0000038, INC0000008, INC0000001, INC0000004, INC0000601, INC0009003, INC0009004, INC0000005, INC0010049, INC0010009, INC0010032, INC0010020, INC0010018, INC0010055, INC0010013, INC0008001, INC0010037, INC0010034, INC0010027, INC0010030, INC0010014, INC0010042, INC0010066, INC0010021, INC0010029, INC0000016, INC0000017, INC0000018, INC0000020, INC0000025, INC0000029, INC0000031, INC0000037, INC0000039, INC0000040, INC0000041, INC0000044, INC0010002, INC0010011, INC0010007, INC0008112, INC0009009, INC0010050, INC0010036, INC0010023, INC0010022, INC0010039, INC0010056, INC0010052, INC0010004, INC0010047, INC0000057, INC0010067, INC0010058, INC0010001, INC0010059, INC0010065, INC0000059, INC0010044, INC0010024, INC0010054, INC0000007, INC0010045, INC0000058, INC0010026, INC0000002, INC0010015, INC0001990, INC0010008, INC0009001, INC0010068, INC0008111, INC0010005, INC0000047, INC0000046, INC0000048, INC0010010, INC0010028, INC0010035, INC0010041, INC0010012, INC0010033, INC0010053, INC0010038, INC0010025, INC0010031, INC0010040, INC0000051, INC0010051, INC0000052, INC0000053, INC0000054, INC0000055, INC0010003, INC0010019, INC0000003, INC0010046, INC0009005, INC0000049, INC0000050, INC0010016, INC0007001, INC0010017, INC0010057, INC0010043, INC0010048, INC0010006, INC0007002]>

	at sun.reflect.NativeConstructorAccessorImpl.newInstance0(Native Method)
	at sun.reflect.NativeConstructorAccessorImpl.newInstance(NativeConstructorAccessorImpl.java:62)
	at sun.reflect.DelegatingConstructorAccessorImpl.newInstance(DelegatingConstructorAccessorImpl.java:45)
	at java.lang.reflect.Constructor.newInstance(Constructor.java:408)
	at org.codehaus.groovy.reflection.CachedConstructor.invoke(CachedConstructor.java:72)
	at org.codehaus.groovy.reflection.CachedConstructor.doConstructorInvoke(CachedConstructor.java:59)
	at org.codehaus.groovy.runtime.callsite.ConstructorSite$ConstructorSiteNoUnwrap.callConstructor(ConstructorSite.java:84)
	at org.codehaus.groovy.runtime.callsite.CallSiteArray.defaultCallConstructor(CallSiteArray.java:59)
	at org.codehaus.groovy.runtime.callsite.AbstractCallSite.callConstructor(AbstractCallSite.java:263)
	at org.codehaus.groovy.runtime.callsite.AbstractCallSite.callConstructor(AbstractCallSite.java:277)
	at io.restassured.internal.ResponseSpecificationImpl$HamcrestAssertionClosure.validate(ResponseSpecificationImpl.groovy:493)
	at io.restassured.internal.ResponseSpecificationImpl$HamcrestAssertionClosure$validate$1.call(Unknown Source)
	at io.restassured.internal.ResponseSpecificationImpl.validateResponseIfRequired(ResponseSpecificationImpl.groovy:674)
	at sun.reflect.NativeMethodAccessorImpl.invoke0(Native Method)
	at sun.reflect.NativeMethodAccessorImpl.invoke(NativeMethodAccessorImpl.java:62)
	at sun.reflect.DelegatingMethodAccessorImpl.invoke(DelegatingMethodAccessorImpl.java:43)
	at java.lang.reflect.Method.invoke(Method.java:483)
	at org.codehaus.groovy.runtime.callsite.PlainObjectMetaMethodSite.doInvoke(PlainObjectMetaMethodSite.java:43)
	at org.codehaus.groovy.runtime.callsite.PogoMetaMethodSite$PogoCachedMethodSiteNoUnwrapNoCoerce.invoke(PogoMetaMethodSite.java:193)
	at org.codehaus.groovy.runtime.callsite.PogoMetaMethodSite.callCurrent(PogoMetaMethodSite.java:61)
	at org.codehaus.groovy.runtime.callsite.CallSiteArray.defaultCallCurrent(CallSiteArray.java:51)
	at org.codehaus.groovy.runtime.callsite.AbstractCallSite.callCurrent(AbstractCallSite.java:171)
	at org.codehaus.groovy.runtime.callsite.AbstractCallSite.callCurrent(AbstractCallSite.java:185)
	at io.restassured.internal.ResponseSpecificationImpl.body(ResponseSpecificationImpl.groovy:261)
	at io.restassured.specification.ResponseSpecification$body$1.callCurrent(Unknown Source)
	at org.codehaus.groovy.runtime.callsite.CallSiteArray.defaultCallCurrent(CallSiteArray.java:51)
	at org.codehaus.groovy.runtime.callsite.AbstractCallSite.callCurrent(AbstractCallSite.java:171)
	at org.codehaus.groovy.runtime.callsite.AbstractCallSite.callCurrent(AbstractCallSite.java:212)
	at io.restassured.internal.ResponseSpecificationImpl.body(ResponseSpecificationImpl.groovy:108)
	at io.restassured.internal.ValidatableResponseOptionsImpl.body(ValidatableResponseOptionsImpl.java:244)
	at io.restassured.internal.ValidatableResponseImpl.super$2$body(ValidatableResponseImpl.groovy)
	at sun.reflect.NativeMethodAccessorImpl.invoke0(Native Method)
	at sun.reflect.NativeMethodAccessorImpl.invoke(NativeMethodAccessorImpl.java:62)
	at sun.reflect.DelegatingMethodAccessorImpl.invoke(DelegatingMethodAccessorImpl.java:43)
	at java.lang.reflect.Method.invoke(Method.java:483)
	at org.codehaus.groovy.reflection.CachedMethod.invoke(CachedMethod.java:107)
	at groovy.lang.MetaMethod.doMethodInvoke(MetaMethod.java:323)
	at groovy.lang.MetaClassImpl.invokeMethod(MetaClassImpl.java:1268)
	at org.codehaus.groovy.runtime.ScriptBytecodeAdapter.invokeMethodOnSuperN(ScriptBytecodeAdapter.java:144)
	at io.restassured.internal.ValidatableResponseImpl.body(ValidatableResponseImpl.groovy:298)
	at io.restassured.internal.ValidatableResponseImpl.body(ValidatableResponseImpl.groovy)
	at week3day1.GetIncidentWithMultipleFilterAssert.GetIncidentWithMultipleFilter(GetIncidentWithMultipleFilterAssert.java:46)
	at sun.reflect.NativeMethodAccessorImpl.invoke0(Native Method)
	at sun.reflect.NativeMethodAccessorImpl.invoke(NativeMethodAccessorImpl.java:62)
	at sun.reflect.DelegatingMethodAccessorImpl.invoke(DelegatingMethodAccessorImpl.java:43)
	at java.lang.reflect.Method.invoke(Method.java:483)
	at org.testng.internal.MethodInvocationHelper.invokeMethod(MethodInvocationHelper.java:85)
	at org.testng.internal.Invoker.invokeMethod(Invoker.java:639)
	at org.testng.internal.Invoker.invokeTestMethod(Invoker.java:816)
	at org.testng.internal.Invoker.invokeTestMethods(Invoker.java:1124)
	at org.testng.internal.TestMethodWorker.invokeTestMethods(TestMethodWorker.java:125)
	at org.testng.internal.TestMethodWorker.run(TestMethodWorker.java:108)
	at org.testng.TestRunner.privateRun(TestRunner.java:774)
	at org.testng.TestRunner.run(TestRunner.java:624)
	at org.testng.SuiteRunner.runTest(SuiteRunner.java:359)
	at org.testng.SuiteRunner.runSequentially(SuiteRunner.java:354)
	at org.testng.SuiteRunner.privateRun(SuiteRunner.java:312)
	at org.testng.SuiteRunner.run(SuiteRunner.java:261)
	at org.testng.SuiteRunnerWorker.runSuite(SuiteRunnerWorker.java:52)
	at org.testng.SuiteRunnerWorker.run(SuiteRunnerWorker.java:86)
	at org.testng.TestNG.runSuitesSequentially(TestNG.java:1191)
	at org.testng.TestNG.runSuitesLocally(TestNG.java:1116)
	at org.testng.TestNG.run(TestNG.java:1024)
	at org.testng.remote.AbstractRemoteTestNG.run(AbstractRemoteTestNG.java:114)
	at org.testng.remote.RemoteTestNG.initAndRun(RemoteTestNG.java:251)
	at org.testng.remote.RemoteTestNG.main(RemoteTestNG.java:77)
]]>
    </failure>
  </testcase> <!-- GetIncidentWithMultipleFilter -->
</testsuite> <!-- week3day1.GetIncidentWithMultipleFilterAssert -->
