<?xml version="1.0" encoding="UTF-8"?>
<!-- Generated by org.testng.reporters.JUnitReportReporter -->
<testsuite hostname="LAPTOP-2OS39L3B" name="week5day1_WireMock.LearnWireMockRecording" tests="1" failures="0" timestamp="5 Jan 2022 17:02:43 GMT" time="0.913" errors="0">
  <testcase name="CreateIncidentWithoutBody" time="0.913" classname="week5day1_WireMock.LearnWireMockRecording"/>
</testsuite> <!-- week5day1_WireMock.LearnWireMockRecording -->
