<?xml version="1.0" encoding="UTF-8"?>
<!-- Generated by org.testng.reporters.JUnitReportReporter -->
<testsuite hostname="LAPTOP-2OS39L3B" name="runner.RunCucumber" tests="4" failures="0" timestamp="29 Dec 2021 10:34:35 GMT" time="22.501" errors="0">
  <testcase name="runScenario" time="3.581" classname="runner.RunCucumber"/>
  <testcase name="runScenario" time="11.761" classname="runner.RunCucumber"/>
  <testcase name="runScenario" time="3.547" classname="runner.RunCucumber"/>
  <testcase name="runScenario" time="3.612" classname="runner.RunCucumber"/>
</testsuite> <!-- runner.RunCucumber -->
