<?xml version="1.0" encoding="UTF-8"?>
<!-- Generated by org.testng.reporters.JUnitReportReporter -->
<testsuite hostname="LAPTOP-2OS39L3B" name="week2day2_Assignment.UpadateJiraIssue" tests="1" failures="0" timestamp="22 Dec 2021 16:40:51 GMT" time="1.625" errors="0">
  <testcase name="UpadateJiraIssue" time="1.625" classname="week2day2_Assignment.UpadateJiraIssue"/>
</testsuite> <!-- week2day2_Assignment.UpadateJiraIssue -->
