<?xml version="1.0" encoding="UTF-8"?>
<!-- Generated by org.testng.reporters.JUnitReportReporter -->
<testsuite hostname="LAPTOP-2OS39L3B" name="week2day2.GetIncidentWithFilter" tests="1" failures="0" timestamp="20 Dec 2021 12:51:21 GMT" time="4.172" errors="0">
  <testcase name="GetIncidentWithFilter" time="4.172" classname="week2day2.GetIncidentWithFilter"/>
</testsuite> <!-- week2day2.GetIncidentWithFilter -->
