<?xml version="1.0" encoding="UTF-8"?>
<!-- Generated by org.testng.reporters.JUnitReportReporter -->
<testsuite hostname="LAPTOP-2OS39L3B" name="week5day2_SalesForce.DeleteNewLead" tests="1" failures="0" timestamp="2 Jan 2022 11:59:12 GMT" time="0.815" errors="0">
  <testcase name="DeleteNewLead" time="0.815" classname="week5day2_SalesForce.DeleteNewLead"/>
</testsuite> <!-- week5day2_SalesForce.DeleteNewLead -->
