<?xml version="1.0" encoding="UTF-8"?>
<!-- Generated by org.testng.reporters.JUnitReportReporter -->
<testsuite hostname="LAPTOP-2OS39L3B" name="week5day2_SalesForce.ContactAddress" tests="1" failures="0" timestamp="2 Jan 2022 11:06:01 GMT" time="0.723" errors="0">
  <testcase name="Contact" time="0.723" classname="week5day2_SalesForce.ContactAddress"/>
</testsuite> <!-- week5day2_SalesForce.ContactAddress -->
