<?xml version="1.0" encoding="UTF-8"?>
<!-- Generated by org.testng.reporters.JUnitReportReporter -->
<testsuite hostname="LAPTOP-2OS39L3B" name="week5day2_SalesForce.GetAllNewLead" tests="1" failures="0" timestamp="2 Jan 2022 11:59:47 GMT" time="2.383" errors="0">
  <testcase name="GetAllNewLead" time="2.383" classname="week5day2_SalesForce.GetAllNewLead"/>
</testsuite> <!-- week5day2_SalesForce.GetAllNewLead -->
