<?xml version="1.0" encoding="UTF-8"?>
<!-- Generated by org.testng.reporters.JUnitReportReporter -->
<testsuite hostname="LAPTOP-2OS39L3B" name="week3day1.CreateIncidentWithReqBodyAssert" tests="1" failures="0" timestamp="24 Dec 2021 08:35:04 GMT" time="4.547" errors="0">
  <testcase name="CreateIncidentWithBody" time="4.547" classname="week3day1.CreateIncidentWithReqBodyAssert"/>
</testsuite> <!-- week3day1.CreateIncidentWithReqBodyAssert -->
