<?xml version="1.0" encoding="UTF-8"?>
<!-- Generated by org.testng.reporters.JUnitReportReporter -->
<testsuite hostname="LAPTOP-2OS39L3B" name="week3day5.ChangeRequestWithBodyAsFile" tests="2" failures="0" timestamp="18 Dec 2021 07:10:34 GMT" time="8.989" errors="0">
  <testcase name="changeRequestWithBody" time="3.070" classname="week3day5.ChangeRequestWithBodyAsFile"/>
  <testcase name="changeRequestWithBody" time="5.919" classname="week3day5.ChangeRequestWithBodyAsFile"/>
</testsuite> <!-- week3day5.ChangeRequestWithBodyAsFile -->
