<?xml version="1.0" encoding="UTF-8"?>
<!-- Generated by org.testng.reporters.JUnitReportReporter -->
<testsuite hostname="LAPTOP-2OS39L3B" name="week2day2.ChangeRequestPut" tests="1" failures="0" timestamp="22 Dec 2021 14:25:20 GMT" time="4.846" errors="0">
  <testcase name="ChangeRequestPut" time="4.846" classname="week2day2.ChangeRequestPut"/>
</testsuite> <!-- week2day2.ChangeRequestPut -->
