<?xml version="1.0" encoding="UTF-8"?>
<!-- Generated by org.testng.reporters.JUnitReportReporter -->
<testsuite hostname="LAPTOP-2OS39L3B" name="week2day2.GetIncidentWithMultipleFilter" tests="1" failures="0" timestamp="24 Dec 2021 05:43:05 GMT" time="5.322" errors="0">
  <testcase name="GetIncidentWithMultipleFilter" time="5.322" classname="week2day2.GetIncidentWithMultipleFilter"/>
</testsuite> <!-- week2day2.GetIncidentWithMultipleFilter -->
