<?xml version="1.0" encoding="UTF-8"?>
<!-- Generated by org.testng.reporters.JUnitReportReporter -->
<testsuite hostname="LAPTOP-2OS39L3B" name="week3day1_Assignment.CreateJiraWithBody" tests="1" failures="0" timestamp="29 Dec 2021 11:45:26 GMT" time="2.360" errors="0">
  <testcase name="CreateJiraWithBodyAsString" time="2.360" classname="week3day1_Assignment.CreateJiraWithBody"/>
</testsuite> <!-- week3day1_Assignment.CreateJiraWithBody -->
