<?xml version="1.0" encoding="UTF-8"?>
<!-- Generated by org.testng.reporters.JUnitReportReporter -->
<testsuite hostname="LAPTOP-2OS39L3B" name="week5day2_SalesForce.UpdateContactAddress" tests="1" failures="0" timestamp="2 Jan 2022 09:01:06 GMT" time="2.046" errors="0">
  <testcase name="UpdateContact" time="2.046" classname="week5day2_SalesForce.UpdateContactAddress"/>
</testsuite> <!-- week5day2_SalesForce.UpdateContactAddress -->
