<?xml version="1.0" encoding="UTF-8"?>
<!-- Generated by org.testng.reporters.JUnitReportReporter -->
<testsuite hostname="LAPTOP-2OS39L3B" name="week5day2_SalesForce.NewLead" tests="1" failures="0" timestamp="2 Jan 2022 11:59:12 GMT" time="0.764" errors="0">
  <testcase name="NewLead" time="0.764" classname="week5day2_SalesForce.NewLead"/>
</testsuite> <!-- week5day2_SalesForce.NewLead -->
