<?xml version="1.0" encoding="UTF-8"?>
<!-- Generated by org.testng.reporters.JUnitReportReporter -->
<testsuite hostname="LAPTOP-2OS39L3B" name="week6day2_GraphQL.GitHub" tests="1" failures="0" timestamp="9 Jan 2022 11:30:22 GMT" time="1.607" errors="0">
  <testcase name="GitHub" time="1.607" classname="week6day2_GraphQL.GitHub"/>
</testsuite> <!-- week6day2_GraphQL.GitHub -->
