<?xml version="1.0" encoding="UTF-8"?>
<!-- Generated by org.testng.reporters.JUnitReportReporter -->
<testsuite hostname="LAPTOP-2OS39L3B" name="week3day1.CreateIncidentWithVerifySchema" tests="1" failures="0" timestamp="29 Dec 2021 11:45:00 GMT" time="5.297" errors="0">
  <testcase name="CreateIncidentWithBody" time="5.297" classname="week3day1.CreateIncidentWithVerifySchema"/>
</testsuite> <!-- week3day1.CreateIncidentWithVerifySchema -->
