<?xml version="1.0" encoding="UTF-8"?>
<!-- Generated by org.testng.reporters.JUnitReportReporter -->
<testsuite hostname="LAPTOP-2OS39L3B" name="week5day2_SalesForce.CreateContact" tests="1" failures="0" timestamp="5 Jan 2022 04:46:01 GMT" time="3.175" errors="0">
  <testcase name="CreateContact" time="3.175" classname="week5day2_SalesForce.CreateContact"/>
</testsuite> <!-- week5day2_SalesForce.CreateContact -->
