<?xml version="1.0" encoding="UTF-8"?>
<!-- Generated by org.testng.reporters.JUnitReportReporter -->
<testsuite hostname="LAPTOP-2OS39L3B" name="week3day1.GetIncidentWithMultipleFilterHeader" tests="1" failures="0" timestamp="24 Dec 2021 05:45:27 GMT" time="5.572" errors="0">
  <testcase name="GetIncidentWithMultipleFilter" time="5.572" classname="week3day1.GetIncidentWithMultipleFilterHeader"/>
</testsuite> <!-- week3day1.GetIncidentWithMultipleFilterHeader -->
