<?xml version="1.0" encoding="UTF-8"?>
<!-- Generated by org.testng.reporters.JUnitReportReporter -->
<testsuite hostname="LAPTOP-2OS39L3B" name="week2day2.DeleteIncident" tests="1" failures="0" timestamp="22 Dec 2021 14:10:43 GMT" time="4.109" errors="0">
  <testcase name="DeleteIncident" time="4.109" classname="week2day2.DeleteIncident"/>
</testsuite> <!-- week2day2.DeleteIncident -->
