<?xml version="1.0" encoding="UTF-8"?>
<!-- Generated by org.testng.reporters.JUnitReportReporter -->
<testsuite hostname="LAPTOP-2OS39L3B" name="week5day1_Assignment_WireMock.GetAllJIRAIssue" tests="1" failures="0" timestamp="9 Jan 2022 16:23:34 GMT" time="2.264" errors="0">
  <testcase name="GetAllJIRAIssue" time="2.264" classname="week5day1_Assignment_WireMock.GetAllJIRAIssue"/>
</testsuite> <!-- week5day1_Assignment_WireMock.GetAllJIRAIssue -->
