<?xml version="1.0" encoding="UTF-8"?>
<!-- Generated by org.testng.reporters.JUnitReportReporter -->
<testsuite hostname="LAPTOP-2OS39L3B" name="week2day2.CreateIncidentWithReqBodyAsFile" tests="1" failures="0" timestamp="22 Dec 2021 13:47:19 GMT" time="4.851" errors="0">
  <testcase name="CreateIncidentWithReqBodyAsFile" time="4.851" classname="week2day2.CreateIncidentWithReqBodyAsFile"/>
</testsuite> <!-- week2day2.CreateIncidentWithReqBodyAsFile -->
