<?xml version="1.0" encoding="UTF-8"?>
<!-- Generated by org.testng.reporters.JUnitReportReporter -->
<testsuite hostname="LAPTOP-2OS39L3B" name="week2day2_Assignment.DeleteJiraIssue" tests="1" failures="0" timestamp="22 Dec 2021 16:45:30 GMT" time="1.988" errors="0">
  <testcase name="DeleteJiraIssue" time="1.988" classname="week2day2_Assignment.DeleteJiraIssue"/>
</testsuite> <!-- week2day2_Assignment.DeleteJiraIssue -->
