<?xml version="1.0" encoding="UTF-8"?>
<!-- Generated by org.testng.reporters.JUnitReportReporter -->
<testsuite hostname="LAPTOP-2OS39L3B" name="week2day2.CreateIncidentWithReqBody" tests="1" failures="0" timestamp="28 Dec 2021 16:52:53 GMT" time="4.393" errors="0">
  <testcase name="CreateIncidentWithBody" time="4.393" classname="week2day2.CreateIncidentWithReqBody"/>
</testsuite> <!-- week2day2.CreateIncidentWithReqBody -->
