<?xml version="1.0" encoding="UTF-8"?>
<!-- Generated by org.testng.reporters.JUnitReportReporter -->
<testsuite hostname="LAPTOP-2OS39L3B" name="week3day1_Assignment.DeleteIssue" tests="1" failures="0" timestamp="29 Dec 2021 12:48:54 GMT" time="2.315" errors="0">
  <testcase name="UpdateIssue" time="2.315" classname="week3day1_Assignment.DeleteIssue"/>
</testsuite> <!-- week3day1_Assignment.DeleteIssue -->
