<?xml version="1.0" encoding="UTF-8"?>
<!-- Generated by org.testng.reporters.JUnitReportReporter -->
<testsuite hostname="LAPTOP-2OS39L3B" name="week3day1_Assignment.DeleteRandomIssue" tests="1" failures="0" timestamp="29 Dec 2021 11:49:57 GMT" time="1.994" errors="0">
  <testcase name="DeleteIssue" time="1.994" classname="week3day1_Assignment.DeleteRandomIssue"/>
</testsuite> <!-- week3day1_Assignment.DeleteRandomIssue -->
