<?xml version="1.0" encoding="UTF-8"?>
<!-- Generated by org.testng.reporters.JUnitReportReporter -->
<testsuite hostname="LAPTOP-2OS39L3B" name="week2day2_Assignment.CreateJiraIssue" tests="1" failures="0" timestamp="29 Dec 2021 11:37:54 GMT" time="2.461" errors="0">
  <testcase name="CreateJiraIssue" time="2.461" classname="week2day2_Assignment.CreateJiraIssue"/>
</testsuite> <!-- week2day2_Assignment.CreateJiraIssue -->
