<?xml version="1.0" encoding="UTF-8"?>
<!-- Generated by org.testng.reporters.JUnitReportReporter -->
<testsuite hostname="LAPTOP-2OS39L3B" name="week3day2.UpdateIncident" tests="1" failures="0" timestamp="25 Dec 2021 15:07:55 GMT" time="2.306" errors="0">
  <testcase name="UpdateIncident" time="2.306" classname="week3day2.UpdateIncident"/>
</testsuite> <!-- week3day2.UpdateIncident -->
