<?xml version="1.0" encoding="UTF-8"?>
<!-- Generated by org.testng.reporters.JUnitReportReporter -->
<testsuite hostname="LAPTOP-2OS39L3B" name="week2day2.GetAllChangeRequest" tests="1" failures="0" timestamp="5 Jan 2022 15:11:34 GMT" time="4.621" errors="0">
  <testcase name="GetAllChangeRequest" time="4.621" classname="week2day2.GetAllChangeRequest"/>
</testsuite> <!-- week2day2.GetAllChangeRequest -->
