<?xml version="1.0" encoding="UTF-8"?>
<!-- Generated by org.testng.reporters.JUnitReportReporter -->
<testsuite hostname="LAPTOP-2OS39L3B" name="week5day1_Assignment_WireMock.GetAllChangeRequest" tests="1" failures="0" timestamp="9 Jan 2022 14:57:09 GMT" time="5.203" errors="0">
  <testcase name="CreateIncidentWithoutBody" time="5.203" classname="week5day1_Assignment_WireMock.GetAllChangeRequest"/>
</testsuite> <!-- week5day1_Assignment_WireMock.GetAllChangeRequest -->
