<?xml version="1.0" encoding="UTF-8"?>
<!-- Generated by org.testng.reporters.JUnitReportReporter -->
<testsuite hostname="LAPTOP-2OS39L3B" name="week3day1_Assignment.CreateIssueWith2Data" tests="2" failures="0" timestamp="29 Dec 2021 12:10:36 GMT" time="3.564" errors="0">
  <testcase name="CreateIssueWithMultipleData" time="2.741" classname="week3day1_Assignment.CreateIssueWith2Data"/>
  <testcase name="CreateIssueWithMultipleData" time="0.823" classname="week3day1_Assignment.CreateIssueWith2Data"/>
</testsuite> <!-- week3day1_Assignment.CreateIssueWith2Data -->
