<?xml version="1.0" encoding="UTF-8"?>
<!-- Generated by org.testng.reporters.JUnitReportReporter -->
<testsuite hostname="LAPTOP-2OS39L3B" name="week2day2.GetAllChangeRequest" tests="1" failures="0" timestamp="31 Dec 2021 17:48:03 GMT" time="5.392" errors="0">
  <testcase name="GetAllChangeRequest" time="5.392" classname="week2day2.GetAllChangeRequest"/>
</testsuite> <!-- week2day2.GetAllChangeRequest -->
