<?xml version="1.0" encoding="UTF-8"?>
<!-- Generated by org.testng.reporters.JUnitReportReporter -->
<testsuite hostname="LAPTOP-2OS39L3B" name="runner.JIRARunCucumber" tests="3" failures="0" timestamp="29 Dec 2021 14:33:37 GMT" time="3.010" errors="0">
  <testcase name="runScenario" time="0.680" classname="runner.JIRARunCucumber"/>
  <testcase name="runScenario" time="1.811" classname="runner.JIRARunCucumber"/>
  <testcase name="runScenario" time="0.519" classname="runner.JIRARunCucumber"/>
</testsuite> <!-- runner.JIRARunCucumber -->
