<?xml version="1.0" encoding="UTF-8"?>
<!-- Generated by org.testng.reporters.JUnitReportReporter -->
<testsuite hostname="LAPTOP-2OS39L3B" name="week5day2_SalesForce.GetAllContact" tests="1" failures="0" timestamp="2 Jan 2022 11:06:01 GMT" time="0.698" errors="0">
  <testcase name="GetAllContact" time="0.698" classname="week5day2_SalesForce.GetAllContact"/>
</testsuite> <!-- week5day2_SalesForce.GetAllContact -->
