<?xml version="1.0" encoding="UTF-8"?>
<!-- Generated by org.testng.reporters.JUnitReportReporter -->
<testsuite hostname="LAPTOP-2OS39L3B" name="week2day2.CreateIncidentNoBody" tests="1" failures="0" timestamp="22 Dec 2021 10:06:41 GMT" time="4.636" errors="0">
  <testcase name="CreateIncidentNoBody" time="4.636" classname="week2day2.CreateIncidentNoBody"/>
</testsuite> <!-- week2day2.CreateIncidentNoBody -->
