<?xml version="1.0" encoding="UTF-8"?>
<!-- Generated by org.testng.reporters.JUnitReportReporter -->
<testsuite hostname="LAPTOP-2OS39L3B" name="week3day1_Assignment.UpdateIssue" tests="1" failures="0" timestamp="29 Dec 2021 12:38:00 GMT" time="1.648" errors="0">
  <testcase name="UpdateIssue" time="1.648" classname="week3day1_Assignment.UpdateIssue"/>
</testsuite> <!-- week3day1_Assignment.UpdateIssue -->
