<?xml version="1.0" encoding="UTF-8"?>
<!-- Generated by org.testng.reporters.JUnitReportReporter -->
<testsuite hostname="LAPTOP-2OS39L3B" name="week2day2.PatchIncident" tests="1" failures="0" timestamp="22 Dec 2021 13:53:25 GMT" time="4.548" errors="0">
  <testcase name="PatchIncident" time="4.548" classname="week2day2.PatchIncident"/>
</testsuite> <!-- week2day2.PatchIncident -->
