<?xml version="1.0" encoding="UTF-8"?>
<!-- Generated by org.testng.reporters.JUnitReportReporter -->
<testsuite hostname="LAPTOP-2OS39L3B" name="week2day2_Assignment.UpdateJiraIssue" tests="1" failures="0" timestamp="29 Dec 2021 12:27:38 GMT" time="1.740" errors="0">
  <testcase name="UpdateJiraIssue" time="1.740" classname="week2day2_Assignment.UpdateJiraIssue"/>
</testsuite> <!-- week2day2_Assignment.UpdateJiraIssue -->
