<?xml version="1.0" encoding="UTF-8"?>
<!-- Generated by org.testng.reporters.JUnitReportReporter -->
<testsuite hostname="LAPTOP-2OS39L3B" name="week2day2.CreateIncidentWithBody" tests="1" failures="0" timestamp="22 Dec 2021 13:08:58 GMT" time="4.701" errors="0">
  <testcase name="CreateIncidentWithBody" time="4.701" classname="week2day2.CreateIncidentWithBody"/>
</testsuite> <!-- week2day2.CreateIncidentWithBody -->
