<?xml version="1.0" encoding="UTF-8"?>
<!-- Generated by org.testng.reporters.JUnitReportReporter -->
<testsuite hostname="LAPTOP-2OS39L3B" name="week2day2.GetAllChangeRequestwithXML" tests="1" failures="0" timestamp="22 Dec 2021 07:59:39 GMT" time="5.984" errors="0">
  <testcase name="GetAllChangeRequest" time="5.984" classname="week2day2.GetAllChangeRequestwithXML"/>
</testsuite> <!-- week2day2.GetAllChangeRequestwithXML -->
