<?xml version="1.0" encoding="UTF-8"?>
<!-- Generated by org.testng.reporters.JUnitReportReporter -->
<testsuite hostname="LAPTOP-2OS39L3B" name="week3day2.DeleteIncident" tests="1" failures="0" timestamp="25 Dec 2021 16:03:56 GMT" time="3.342" errors="0">
  <testcase name="DeleteIncident" time="3.342" classname="week3day2.DeleteIncident"/>
</testsuite> <!-- week3day2.DeleteIncident -->
