<?xml version="1.0" encoding="UTF-8"?>
<!-- Generated by org.testng.reporters.JUnitReportReporter -->
<testsuite hostname="LAPTOP-2OS39L3B" name="week2day2.PutIncident" tests="1" failures="0" timestamp="25 Dec 2021 16:07:21 GMT" time="5.997" errors="0">
  <testcase name="PutIncident" time="5.997" classname="week2day2.PutIncident"/>
</testsuite> <!-- week2day2.PutIncident -->
