<?xml version="1.0" encoding="UTF-8"?>
<!-- Generated by org.testng.reporters.JUnitReportReporter -->
<testsuite hostname="ADFL-1312" failures="0" tests="1" name="week2.day2.CreateIncidentWithNoBody" time="5.773" errors="0" timestamp="2021-12-12T11:07:07 IST" skipped="0">
  <testcase classname="week2.day2.CreateIncidentWithNoBody" name="createIncident" time="5.773"/>
  <system-out/>
</testsuite> <!-- week2.day2.CreateIncidentWithNoBody -->
